05 May 2017 02:41:56: https://www.gmaven.com/api/data/default/property/search: 400 - Gmaven client endpoint error: Query for 'property':'isArchived' has the wrong type
05 May 2017 11:32:01: https://www.gmaven.com/api/data/custom/propertyUnit/search: 403 - Gmaven client endpoint error: User does not have permission to the Path 'propertyId' for Entity 'propertyUnit'
05 May 2017 11:41:04: https://www.gmaven.com/api/data/default/property/search: 403 - Gmaven client endpoint error: User does not have permission to the Path 'vacancy' for Entity 'property'
05 May 2017 11:41:19: https://www.gmaven.com/api/data/default/property/search: 403 - Gmaven client endpoint error: User does not have permission to the Path 'vacancy' for Entity 'property'
05 May 2017 11:45:49: https://www.gmaven.com/api/data/default/property/search: 403 - Gmaven client endpoint error: User does not have permission to the Path 'vacancy' for Entity 'property'
05 May 2017 11:48:05: https://www.gmaven.com/api/data/default/property/search: 403 - Gmaven client endpoint error: User does not have permission to the Path 'vacancy' for Entity 'property'
05 May 2017 11:48:29: https://www.gmaven.com/api/data/default/property/search: 403 - Gmaven client endpoint error: User does not have permission to the Path 'vacancy' for Entity 'property'
05 May 2017 02:34:33: https://www.gmaven.com/api/data/default/property/search: 400 - Gmaven client endpoint error: Invalid Source Field Path 'unitDetails.unitId' for Entity 'property'
08 May 2017 06:44:31: https://www.gmaven.com/api/data/default/property/search: 400 - Gmaven client endpoint error: Invalid Source Field Path 'unitDetails.unitId' for Entity 'property'
08 May 2017 06:44:36: https://www.gmaven.com/api/data/default/property/search: 400 - Gmaven client endpoint error: Invalid Source Field Path 'unitDetails.unitId' for Entity 'property'
08 May 2017 06:44:37: https://www.gmaven.com/api/data/default/property/search: 400 - Gmaven client endpoint error: Invalid Source Field Path 'unitDetails.unitId' for Entity 'property'
08 May 2017 06:44:39: https://www.gmaven.com/api/data/default/property/search: 400 - Gmaven client endpoint error: Invalid Source Field Path 'unitDetails.unitId' for Entity 'property'
08 May 2017 06:44:40: https://www.gmaven.com/api/data/default/property/search: 400 - Gmaven client endpoint error: Invalid Source Field Path 'unitDetails.unitId' for Entity 'property'
08 May 2017 07:07:11: https://www.gmaven.com/api/data/default/property/search: 400 - Gmaven client endpoint error: Invalid Source Field Path 'unitDetails.unitId' for Entity 'property'
08 May 2017 07:07:50: https://www.gmaven.com/api/data/default/property/search: 400 - Gmaven client endpoint error: Invalid Source Field Path 'unitDetails.unitId' for Entity 'property'
08 May 2017 07:24:43: https://www.gmaven.com/api/data/default/property/search: 400 - Gmaven client endpoint error: Invalid Source Field Path 'unitDetails.unitId' for Entity 'property'
08 May 2017 07:24:47: https://www.gmaven.com/api/data/default/property/search: 400 - Gmaven client endpoint error: Invalid Source Field Path 'unitDetails.unitId' for Entity 'property'
08 May 2017 11:56:00: https://www.gmaven.com/api/data/default/property/search: 400 - Gmaven client endpoint error: Invalid Source Field Path 'unitDetails.unitId' for Entity 'property'
08 May 2017 11:57:43: https://www.gmaven.com/api/data/default/property/search: 400 - Gmaven client endpoint error: Invalid Source Field Path 'unitDetails.unitId' for Entity 'property'
08 May 2017 12:07:28: https://www.gmaven.com/api/data/default/property/search: 400 - Gmaven client endpoint error: Invalid Source Field Path 'unitDetails.unitId' for Entity 'property'
08 May 2017 12:12:01: https://www.gmaven.com/api/data/default/property/search: 400 - Gmaven client endpoint error: Invalid Source Field Path 'unitDetails.customReferenceId' for Entity 'property'
08 May 2017 12:12:44: https://www.gmaven.com/api/data/default/property/search: 400 - Gmaven client endpoint error: Invalid Source Field Path 'unitDetails.gla' for Entity 'property'
08 May 2017 12:12:53: https://www.gmaven.com/api/data/default/property/search: 400 - Gmaven client endpoint error: Invalid Source Field Path 'unitDetails.primaryCategory' for Entity 'property'
08 May 2017 12:13:01: https://www.gmaven.com/api/data/default/property/search: 400 - Gmaven client endpoint error: Invalid Source Field Path 'vacancy.marketing.availableType' for Entity 'property'
08 May 2017 12:13:13: https://www.gmaven.com/api/data/default/property/search: 400 - Gmaven client endpoint error: Invalid Source Field Path 'vacancy.marketing.availableFrom' for Entity 'property'
08 May 2017 12:13:21: https://www.gmaven.com/api/data/default/property/search: 400 - Gmaven client endpoint error: Invalid Source Field Path 'vacancy.marketing.noticePeriod' for Entity 'property'
08 May 2017 12:13:27: https://www.gmaven.com/api/data/default/property/search: 400 - Gmaven client endpoint error: Invalid Source Field Path 'vacancy.unitDetails.gmr' for Entity 'property'
08 May 2017 12:13:36: https://www.gmaven.com/api/data/default/property/search: 400 - Gmaven client endpoint error: Invalid Source Field Path 'vacancy.unitDetails.netAskingRental' for Entity 'property'
08 May 2017 12:13:43: https://www.gmaven.com/api/data/default/property/search: 400 - Gmaven client endpoint error: Invalid Source Field Path 'vacancy.sales.marketingHeading' for Entity 'property'
08 May 2017 12:13:50: https://www.gmaven.com/api/data/default/property/search: 400 - Gmaven client endpoint error: Invalid Source Field Path 'vacancy.sales.description' for Entity 'property'
08 May 2017 12:13:57: https://www.gmaven.com/api/data/default/property/search: 400 - Gmaven client endpoint error: Invalid Source Field Path 'vacancy.unitManagement.status' for Entity 'property'
08 May 2017 12:14:29: https://www.gmaven.com/api/data/default/property/search: 400 - Gmaven client endpoint error: Invalid Source Field Path 'vacancy.unitManagement.status' for Entity 'property'
08 May 2017 12:17:05: https://www.gmaven.com/api/data/default/property/search: 400 - Gmaven client endpoint error: Invalid Source Field Path 'unitDetails.unitId' for Entity 'property'
08 May 2017 12:20:12: https://www.gmaven.com/api/data/default/property/search: 400 - Gmaven client endpoint error: Invalid Source Field Path 'unitDetails.unitId' for Entity 'property'
08 May 2017 12:20:20: https://www.gmaven.com/api/data/default/property/search: 400 - Gmaven client endpoint error: Invalid Source Field Path 'unitDetails.unitId' for Entity 'property'
08 May 2017 12:26:40: https://www.gmaven.com/api/data/default/property/search: 400 - Gmaven client endpoint error: Invalid Source Field Path 'unitDetails.unitId' for Entity 'property'
08 May 2017 12:26:58: https://www.gmaven.com/api/data/default/property/search: 400 - Gmaven client endpoint error: Invalid Source Field Path 'unitDetails.unitId' for Entity 'property'
08 May 2017 12:30:41: https://www.gmaven.com/api/data/default/property/search: 400 - Gmaven client endpoint error: Invalid Source Field Path 'unitDetails.unitId' for Entity 'property'
08 May 2017 12:31:05: https://www.gmaven.com/api/data/default/property/search: 400 - Gmaven client endpoint error: Invalid Source Field Path 'unitDetails.unitId' for Entity 'property'
08 May 2017 12:31:06: https://www.gmaven.com/api/data/default/property/search: 400 - Gmaven client endpoint error: Invalid Source Field Path 'unitDetails.unitId' for Entity 'property'
08 May 2017 12:31:08: https://www.gmaven.com/api/data/default/property/search: 400 - Gmaven client endpoint error: Invalid Source Field Path 'unitDetails.unitId' for Entity 'property'
08 May 2017 12:31:09: https://www.gmaven.com/api/data/default/property/search: 400 - Gmaven client endpoint error: Invalid Source Field Path 'unitDetails.unitId' for Entity 'property'
08 May 2017 12:34:49: https://www.gmaven.com/api/data/default/property/search: 400 - Gmaven client endpoint error: Invalid Source Field Path 'unitDetails.unitId' for Entity 'property'
08 May 2017 12:35:18: https://www.gmaven.com/api/data/default/property/search: 400 - Gmaven client endpoint error: Invalid Source Field Path 'unitDetails.unitId' for Entity 'property'
08 May 2017 12:35:51: https://www.gmaven.com/api/data/default/property/search: 400 - Gmaven client endpoint error: Invalid Source Field Path 'unitDetails.unitId' for Entity 'property'
08 May 2017 12:37:38: https://www.gmaven.com/api/data/default/property/search: 400 - Gmaven client endpoint error: Invalid Source Field Path 'unitDetails.unitId' for Entity 'property'
08 May 2017 12:37:56: https://www.gmaven.com/api/data/default/property/search: 400 - Gmaven client endpoint error: Invalid Source Field Path 'unitDetails.unitId' for Entity 'property'
08 May 2017 12:38:16: https://www.gmaven.com/api/data/default/property/search: 403 - Gmaven client endpoint error: User does not have permission to the Path 'afs.acquisitionDate' for Entity 'property'
08 May 2017 12:38:38: https://www.gmaven.com/api/data/default/property/search: 403 - Gmaven client endpoint error: User does not have permission to the Path 'afs.acquisitionDate' for Entity 'property'
08 May 2017 12:40:01: https://www.gmaven.com/api/data/default/property/search: 403 - Gmaven client endpoint error: User does not have permission to the Path 'basic.commNodeGeoArea' for Entity 'property'
08 May 2017 12:41:05: https://www.gmaven.com/api/data/default/property/search: 403 - Gmaven client endpoint error: User does not have permission to the Path 'basic.commNodeGeoArea' for Entity 'property'
08 May 2017 12:41:35: https://www.gmaven.com/api/data/default/property/search: 403 - Gmaven client endpoint error: User does not have permission to the Path 'basic.commNodeGeoArea' for Entity 'property'
08 May 2017 12:44:36: https://www.gmaven.com/api/data/default/property/search: 400 - Gmaven client endpoint error: Invalid Source Field Path 'Compiled' for Entity 'property'
08 May 2017 12:45:16: https://www.gmaven.com/api/data/default/property/search: 400 - Gmaven client endpoint error: Invalid Source Field Path 'Compiled' for Entity 'property'
08 May 2017 12:45:43: https://www.gmaven.com/api/data/default/property/search: 400 - Gmaven client endpoint error: Invalid Source Field Path 'unitDetails.unitId' for Entity 'property'
08 May 2017 12:47:07: https://www.gmaven.com/api/data/default/property/search: 400 - Gmaven client endpoint error: Invalid Source Field Path 'unitDetails.unitId' for Entity 'property'
08 May 2017 01:22:36: https://www.gmaven.com/api/data/custom/propertyUnit/search: 403 - Gmaven client endpoint error: User does not have permission to the Path 'propertyId' for Entity 'propertyUnit'
08 May 2017 01:24:14: https://www.gmaven.com/api/data/custom/propertyUnit/search: 403 - Gmaven client endpoint error: User does not have permission to the Path 'propertyId' for Entity 'propertyUnit'
08 May 2017 01:24:59: https://www.gmaven.com/api/data/custom/propertyUnit/search: 403 - Gmaven client endpoint error: User does not have permission to the Path 'propertyId' for Entity 'propertyUnit'
08 May 2017 01:26:04: https://www.gmaven.com/api/data/custom/propertyUnit/search: 403 - Gmaven client endpoint error: User does not have permission to the Path 'propertyId' for Entity 'propertyUnit'
08 May 2017 01:30:21: https://www.gmaven.com/api/data/custom/propertyUnit/search: 403 - Gmaven client endpoint error: User does not have permission to the Path 'propertyId' for Entity 'propertyUnit'
08 May 2017 01:31:24: https://www.gmaven.com/api/data/custom/propertyUnit/search: 403 - Gmaven client endpoint error: User does not have permission to the Path 'propertyId' for Entity 'propertyUnit'
08 May 2017 01:31:34: https://www.gmaven.com/api/data/custom/propertyUnit/search: 403 - Gmaven client endpoint error: User does not have permission to the Path 'propertyId' for Entity 'propertyUnit'
08 May 2017 01:37:01: https://www.gmaven.com/api/data/custom/propertyUnit/search: 400 - Gmaven client endpoint error: SourceFields is required
